DLL version: 2.7.0
Monday, September 04, 2017 13:25:28   Start new logging
ModuleID[2] LevelID[10]: CMyExceptionHandler thread is running
ModuleID[2] LevelID[1]: new MxHidDeviceClass
ModuleID[2] LevelID[10]: new MxHidDevice[03048AA0]
ModuleID[2] LevelID[1]: new MxHidDeviceClass
ModuleID[2] LevelID[10]: new MxHidDevice[03062588]
ModuleID[2] LevelID[1]: new MxHidDeviceClass
ModuleID[2] LevelID[10]: new MxHidDevice[0306C008]
ModuleID[2] LevelID[1]: new MxHidDeviceClass
ModuleID[2] LevelID[10]: new MxHidDevice[03085A80]
ModuleID[2] LevelID[1]: new MxHidDeviceClass
ModuleID[2] LevelID[10]: new MxHidDevice[030974F0]
ModuleID[2] LevelID[1]: new MxHidDeviceClass
ModuleID[2] LevelID[10]: new MxHidDevice[030A1008]
ModuleID[2] LevelID[10]: Device Manager thread is running
ModuleID[2] LevelID[1]: Can't set m_hStopEvent before it initialized or it already stop

ModuleID[2] LevelID[10]: CmdOperation[0] device chagned and reset to state 0
ModuleID[2] LevelID[10]: CmdOperation[0], skip current command, so SetEvent(hDevCanDeleteEvent)
ModuleID[2] LevelID[10]: ExecuteCommand--Boot[WndIndex:0], File is D:\work\android\debugbin\mfgtools\Profiles\linux\OS Firmware\firmware\u-boot-imx7dpico_sd.imx
ModuleID[2] LevelID[10]: CmdOperation[0], skip current command, so SetEvent(hDevCanDeleteEvent)
ModuleID[2] LevelID[10]: ExecuteCommand--Load[WndIndex:0], File is D:\work\android\debugbin\mfgtools\Profiles\linux\OS Firmware\firmware\zImage, address is 0x80800000
ModuleID[2] LevelID[10]: PortMgrDlg(0)--Command Load excute successfully, retry count: 0
ModuleID[2] LevelID[10]: CmdOperation[0], skip current command, so SetEvent(hDevCanDeleteEvent)
ModuleID[2] LevelID[10]: ExecuteCommand--Load[WndIndex:0], File is D:\work\android\debugbin\mfgtools\Profiles\linux\OS Firmware\firmware\fsl-image-mfgtool-initramfs-imx_mfgtools.cpio.gz.u-boot, address is 0x83800000
ModuleID[2] LevelID[10]: PortMgrDlg(0)--Command Load excute successfully, retry count: 0
ModuleID[2] LevelID[10]: CmdOperation[0], skip current command, so SetEvent(hDevCanDeleteEvent)
ModuleID[2] LevelID[10]: ExecuteCommand--Load[WndIndex:0], File is D:\work\android\debugbin\mfgtools\Profiles\linux\OS Firmware\firmware\zImage-imx7d-sdb.dtb, address is 0x83000000
ModuleID[2] LevelID[10]: PortMgrDlg(0)--Command Load excute successfully, retry count: 0
ModuleID[2] LevelID[10]: ExecuteCommand--Jump[WndIndex:0]
ModuleID[2] LevelID[10]: *********MxHidDevice[030A1008] Jump to Ramkernel successfully!**********
ModuleID[2] LevelID[10]: CmdOperation[0], current state command has been finished and the last command is successful, so SetEvent(hDevCanDeleteEvent)
ModuleID[2] LevelID[10]: DeviceManager::DevChangeWnd::OnDeviceChange() - DEVICE_REMOVAL_EVT(\\?\USB#Vid_15a2&Pid_0076#5&3133896&0&2#{a5dcbf10-6530-11d2-901f-00c04fb951ed})
ModuleID[2] LevelID[10]: DeviceManager::DevChangeWnd::OnDeviceChange() - end
ModuleID[2] LevelID[10]: DeviceManager::OnMsgDeviceEvent() - DEVICE_REMOVAL_EVT(\\?\USB#Vid_15a2&Pid_0076#5&3133896&0&2#{a5dcbf10-6530-11d2-901f-00c04fb951ed})
ModuleID[2] LevelID[10]: DeviceClass::FindDeviceByUsbPath--DeviceListType_Current, _devices.size: 1
ModuleID[2] LevelID[10]: DeviceClass::FindDeviceByUsbPath--DeviceListType_Current, devInstPathToFind: USB\VID_15A2&PID_0076\5&3133896&0&2, _deviceInstanceID: USB\VID_15A2&PID_0076\5&3133896&0&2
ModuleID[2] LevelID[10]: DeviceClass::FindDeviceByUsbPath--DeviceListType_Current, Find the device
ModuleID[2] LevelID[10]: DeviceManager::OnMsgDeviceEvent() - DEVICE_REMOVAL_EVT,[MxHidDeviceClass] vid_15a2&pid_0076, Hub:8-Port:2
ModuleID[2] LevelID[10]: DeviceManager::OnMsgDeviceEvent() - DEVICE_REMOVAL_EVT, Notify
ModuleID[2] LevelID[10]: CmdOpreation[0]--OnDeviceChangeNotify, Volume Arrive/Remove or Device Arrive/Remove
ModuleID[2] LevelID[10]: CmdOpreation[0]--OnDeviceChangeNotify, m_p_usb_port is not NULL, so only refresh
ModuleID[2] LevelID[10]: CmdOpreation[0]--OnDeviceChangeNotify, Volume/Device Remove
ModuleID[2] LevelID[1]: CmdOpreation[0]--set m_hDeviceRemoveEvent.
ModuleID[2] LevelID[10]: CmdOpreation[0]--WaitforEvents device remove1
ModuleID[2] LevelID[10]: DeviceManager::OnMsgDeviceEvent()-DEVICE_REMOVAL_EVT, hDevCanDeleteEvent has been set
ModuleID[2] LevelID[10]: delete MxHidDevice[030A1008]
ModuleID[2] LevelID[10]: DeviceManager::DevChangeWnd::OnDeviceChange() - DEVICE_ARRIVAL_EVT(\\?\USB#Vid_066f&Pid_37ff#5&3133896&0&2#{a5dcbf10-6530-11d2-901f-00c04fb951ed})
ModuleID[2] LevelID[10]: DeviceManager::DevChangeWnd::OnDeviceChange() - end
ModuleID[2] LevelID[10]: DeviceManager::OnMsgDeviceEvent() - DEVICE_ARRIVAL_EVT(\\?\USB#Vid_066f&Pid_37ff#5&3133896&0&2#{a5dcbf10-6530-11d2-901f-00c04fb951ed})
ModuleID[2] LevelID[10]: DeviceManager::OnMsgDeviceEvent() - DEVICE_ARRIVAL_EVT,[Msc,DiskDeviceClass] vid_066f&pid_37ff, not handled
ModuleID[2] LevelID[10]: DeviceManager::DevChangeWnd::OnDeviceChange() - VOLUME_ARRIVAL_EVT(G)
ModuleID[2] LevelID[10]: DeviceManager::DevChangeWnd::OnDeviceChange() - end
ModuleID[2] LevelID[10]: DeviceManager::OnMsgDeviceEvent() - VOLUME_ARRIVAL_EVT(G)
ModuleID[2] LevelID[10]: VolumeDeviceClass::AddUsbDevice()  G
ModuleID[2] LevelID[10]: DeviceTypeDisk--_devices size: 1
ModuleID[2] LevelID[10]: Volume--StorageDisk, Disk->_driveNumber:1, Volume->_diskNumber:1
ModuleID[2] LevelID[10]: DeviceTypeDisk--find Disk device: 030BAC80
ModuleID[2] LevelID[10]: Device::hubIndex::getmsc, return the port index is: 2
ModuleID[2] LevelID[10]: VolumeDeviceClass::AddUsbDevice() successful G add to current list, retrycount: 0
ModuleID[2] LevelID[10]: Device::hubIndex::getmsc, return the port index is: 2
ModuleID[2] LevelID[10]: DeviceManager::OnMsgDeviceEvent() - VOLUME_ARRIVAL_EVT-Disk(G), Hub:8-Port:2
ModuleID[2] LevelID[10]: DeviceManager::OnMsgDeviceEvent() - VOLUME_ARRIVAL_EVT, Notify
ModuleID[2] LevelID[10]: CmdOpreation[0]--OnDeviceChangeNotify, Volume Arrive/Remove or Device Arrive/Remove
ModuleID[2] LevelID[10]: CmdOpreation[0]--OnDeviceChangeNotify, m_p_usb_port is not NULL, so only refresh
ModuleID[2] LevelID[10]: CmdOpreation[0]--OnDeviceChangeNotify, Volume/Device Arrive
ModuleID[2] LevelID[1]: CmdOpreation[0]--set m_hDeviceArriveEvent.
ModuleID[2] LevelID[10]: CmdOpreation[0]--WaitforEvents device arrive1
ModuleID[2] LevelID[10]: CmdOperation[0] device chagned and reset to state 1
ModuleID[2] LevelID[10]: ExecuteCommand--Push[WndIndex:0], Body is send
ModuleID[2] LevelID[10]: ExecuteCommand--Push[WndIndex:0], Body is $ echo 0 > /sys/block/mmcblk2boot0/force_ro
ModuleID[2] LevelID[10]: ExecuteCommand--Push[WndIndex:0], Body is $ dd if=/dev/zero of=/dev/mmcblk2boot0 bs=1k seek=768 conv=fsync count=8
ModuleID[2] LevelID[10]: ExecuteCommand--Push[WndIndex:0], Body is $ dd if=$FILE of=/dev/mmcblk2boot0 bs=512 seek=2
ModuleID[2] LevelID[10]: ExecuteCommand--Push[WndIndex:0], Body is $ echo 1 > /sys/block/mmcblk2boot0/force_ro
ModuleID[2] LevelID[10]: ExecuteCommand--Push[WndIndex:0], Body is $ mmc bootpart enable 1 1 /dev/mmcblk2
ModuleID[2] LevelID[10]: ExecuteCommand--Push[WndIndex:0], Body is $ sync
ModuleID[2] LevelID[10]: ExecuteCommand--Push[WndIndex:0], Body is $ echo Update Complete!
ModuleID[2] LevelID[10]: CCmdOpreation[0] thread is Closed
ModuleID[2] LevelID[10]: CCmdOpreation[0] thread is Closed
ModuleID[2] LevelID[10]: DeviceManager::OnMsgDeviceEvent() - EVENT_KILL
ModuleID[2] LevelID[10]: CMyExceptionHandler::OnMsgExceptionEvent() - KillExceptionHandlerThread
ModuleID[2] LevelID[10]: Exception Handler thread is closed
ModuleID[2] LevelID[1]: delete MxHidDeviceClass
ModuleID[2] LevelID[10]: Device Manager thread is closed
